2025-04-30 00:32:14,566 - s3_auto_upload - INFO - Registered auto-upload to S3 bucket telemetrydatapav on application exit
2025-04-30 00:34:33,239 - s3_auto_upload - INFO - Application closing, waiting 2 seconds before upload...
2025-04-30 00:34:35,271 - botocore.credentials - INFO - Found credentials in shared credentials file: ~/.aws/credentials
2025-04-30 00:34:35,639 - s3_auto_upload - ERROR - Failed to initialize S3 client: 'S3' object has no attribute 'get_caller_identity'
2025-04-30 00:34:35,640 - s3_auto_upload - ERROR - S3 client not initialized
2025-04-30 00:34:35,640 - s3_auto_upload - ERROR - Failed to ensure bucket exists: telemetrydatapav
2025-04-30 00:34:35,640 - s3_auto_upload - INFO - Auto-upload complete. Uploaded 0 files to S3 bucket telemetrydatapav
2025-04-30 00:35:52,213 - s3_auto_upload - INFO - Registered auto-upload to S3 bucket telemetrydatapav on application exit
2025-04-30 00:51:25,947 - s3_auto_upload - INFO - Application closing, waiting 2 seconds before upload...
2025-04-30 00:51:27,985 - botocore.credentials - INFO - Found credentials in shared credentials file: ~/.aws/credentials
2025-04-30 00:51:28,216 - s3_auto_upload - ERROR - Failed to initialize S3 client: 'S3' object has no attribute 'get_caller_identity'
2025-04-30 00:51:28,217 - s3_auto_upload - ERROR - S3 client not initialized
2025-04-30 00:51:28,217 - s3_auto_upload - ERROR - Failed to ensure bucket exists: telemetrydatapav
2025-04-30 00:51:28,217 - s3_auto_upload - INFO - Auto-upload complete. Uploaded 0 files to S3 bucket telemetrydatapav
2025-04-30 15:43:23,225 - s3_auto_upload - INFO - Registered auto-upload to S3 bucket telemetrydatapav on application exit
2025-04-30 15:59:40,526 - s3_auto_upload - INFO - Application closing, waiting 2 seconds before upload...
2025-04-30 15:59:42,584 - botocore.credentials - INFO - Found credentials in shared credentials file: ~/.aws/credentials
2025-04-30 15:59:44,052 - s3_auto_upload - INFO - S3 credentials validated for bucket: telemetrydatapav
2025-04-30 15:59:44,898 - s3_auto_upload - INFO - Created bucket telemetrydatapav
2025-04-30 15:59:44,899 - s3_auto_upload - INFO - Uploaded 0 files from analysis_results
2025-04-30 15:59:44,899 - s3_auto_upload - INFO - Successfully uploaded all files from analysis_results to S3 bucket telemetrydatapav
2025-04-30 15:59:44,899 - s3_auto_upload - INFO - Auto-upload complete. Uploaded 0 files to S3 bucket telemetrydatapav
2025-04-30 16:00:10,383 - s3_auto_upload - INFO - Registered auto-upload to S3 bucket telemetrydatapav on application exit
2025-04-30 16:01:27,228 - s3_auto_upload - INFO - Application closing, waiting 2 seconds before upload...
2025-04-30 16:01:29,241 - botocore.credentials - INFO - Found credentials in shared credentials file: ~/.aws/credentials
2025-04-30 16:01:30,025 - s3_auto_upload - INFO - S3 credentials validated for bucket: telemetrydatapav
2025-04-30 16:01:30,584 - s3_auto_upload - INFO - Bucket telemetrydatapav exists
2025-04-30 16:01:30,813 - s3_auto_upload - INFO - Uploaded analysis_results\dtc_root_causes.json to s3://telemetrydatapav/dtc_root_causes.json
2025-04-30 16:01:30,813 - s3_auto_upload - INFO - Uploaded 1 files from analysis_results
2025-04-30 16:01:30,814 - s3_auto_upload - INFO - Successfully uploaded all files from analysis_results to S3 bucket telemetrydatapav
2025-04-30 16:01:30,814 - s3_auto_upload - INFO - Auto-upload complete. Uploaded 1 files to S3 bucket telemetrydatapav
2025-04-30 19:36:07,845 - s3_auto_upload - INFO - Registered auto-upload to S3 bucket telemetrydatapav on application exit
2025-04-30 19:43:08,165 - s3_auto_upload - INFO - Application closing, waiting 2 seconds before upload...
2025-04-30 19:43:10,205 - botocore.credentials - INFO - Found credentials in shared credentials file: ~/.aws/credentials
2025-04-30 19:43:11,416 - s3_auto_upload - INFO - S3 credentials validated for bucket: telemetrydatapav
2025-04-30 19:43:11,980 - s3_auto_upload - INFO - Bucket telemetrydatapav exists
2025-04-30 19:43:12,184 - s3_auto_upload - INFO - Uploaded analysis_results\dtc_root_causes.json to s3://telemetrydatapav/dtc_root_causes.json
2025-04-30 19:43:12,411 - s3_auto_upload - INFO - Uploaded analysis_results\model_analysis\anomaly_brake_distribution.png to s3://telemetrydatapav/model_analysis/anomaly_brake_distribution.png
2025-04-30 19:43:12,609 - s3_auto_upload - INFO - Uploaded analysis_results\model_analysis\anomaly_detector_report.json to s3://telemetrydatapav/model_analysis/anomaly_detector_report.json
2025-04-30 19:43:12,931 - s3_auto_upload - INFO - Uploaded analysis_results\model_analysis\anomaly_rpm_distribution.png to s3://telemetrydatapav/model_analysis/anomaly_rpm_distribution.png
2025-04-30 19:43:13,151 - s3_auto_upload - INFO - Uploaded analysis_results\model_analysis\anomaly_score_distribution.png to s3://telemetrydatapav/model_analysis/anomaly_score_distribution.png
2025-04-30 19:43:13,358 - s3_auto_upload - INFO - Uploaded analysis_results\model_analysis\anomaly_speed_distribution.png to s3://telemetrydatapav/model_analysis/anomaly_speed_distribution.png
2025-04-30 19:43:13,562 - s3_auto_upload - INFO - Uploaded analysis_results\model_analysis\anomaly_throttle_distribution.png to s3://telemetrydatapav/model_analysis/anomaly_throttle_distribution.png
2025-04-30 19:43:13,803 - s3_auto_upload - INFO - Uploaded analysis_results\model_analysis\dtc_P0100_feature_importance.png to s3://telemetrydatapav/model_analysis/dtc_P0100_feature_importance.png
2025-04-30 19:43:14,009 - s3_auto_upload - INFO - Uploaded analysis_results\model_analysis\dtc_P0162_feature_importance.png to s3://telemetrydatapav/model_analysis/dtc_P0162_feature_importance.png
2025-04-30 19:43:14,231 - s3_auto_upload - INFO - Uploaded analysis_results\model_analysis\dtc_P0175_feature_importance.png to s3://telemetrydatapav/model_analysis/dtc_P0175_feature_importance.png
2025-04-30 19:43:14,432 - s3_auto_upload - INFO - Uploaded analysis_results\model_analysis\dtc_P0198_feature_importance.png to s3://telemetrydatapav/model_analysis/dtc_P0198_feature_importance.png
2025-04-30 19:43:14,631 - s3_auto_upload - INFO - Uploaded analysis_results\model_analysis\model_reports.json to s3://telemetrydatapav/model_analysis/model_reports.json
2025-04-30 19:43:14,631 - s3_auto_upload - INFO - Uploaded 12 files from analysis_results
2025-04-30 19:43:14,632 - s3_auto_upload - INFO - Successfully uploaded all files from analysis_results to S3 bucket telemetrydatapav
2025-04-30 19:43:14,632 - s3_auto_upload - INFO - Auto-upload complete. Uploaded 12 files to S3 bucket telemetrydatapav
